<?xml version="1.0" encoding="UTF-8"?>
<coverage generated="0">
  <project timestamp="0" name="Clover Coverage">
    <package name="ValksorPlugin\Command">
      <file name="/var/www/html/valksor-plugin/src/ValksorPlugin/Command/AbstractValksorRecipeCommand.php">
        <class name="ValksorPlugin\Command\AbstractValksorRecipeCommand" namespace="ValksorPlugin\Command">
          <metrics complexity="10" methods="9" coveredmethods="0" conditionals="0" coveredconditionals="0" statements="27" coveredstatements="0" elements="36" coveredelements="0"/>
        </class>
        <line num="39" type="method" name="getNoRecipeMessage" visibility="protected" complexity="0" crap="0" count="0"/>
        <line num="41" type="stmt" count="0"/>
        <line num="50" type="method" name="getNotFoundMessage" visibility="protected" complexity="0" crap="0" count="0"/>
        <line num="52" type="stmt" count="0"/>
        <line num="61" type="method" name="getSuccessMessage" visibility="protected" complexity="0" crap="0" count="0"/>
        <line num="63" type="stmt" count="0"/>
        <line num="76" type="method" name="processPackage" visibility="protected" complexity="0" crap="0" count="0"/>
        <line num="79" type="stmt" count="0"/>
        <line num="89" type="method" name="createRecipeHandler" visibility="protected" complexity="1" crap="2" count="0"/>
        <line num="93" type="stmt" count="0"/>
        <line num="104" type="method" name="findPackageByName" visibility="protected" complexity="3" crap="12" count="0"/>
        <line num="108" type="stmt" count="0"/>
        <line num="109" type="stmt" count="0"/>
        <line num="110" type="stmt" count="0"/>
        <line num="114" type="stmt" count="0"/>
        <line num="126" type="method" name="processSpecificPackage" visibility="protected" complexity="3" crap="12" count="0"/>
        <line num="131" type="stmt" count="0"/>
        <line num="133" type="stmt" count="0"/>
        <line num="135" type="stmt" count="0"/>
        <line num="136" type="stmt" count="0"/>
        <line num="138" type="stmt" count="0"/>
        <line num="141" type="stmt" count="0"/>
        <line num="143" type="stmt" count="0"/>
        <line num="144" type="stmt" count="0"/>
        <line num="146" type="stmt" count="0"/>
        <line num="149" type="stmt" count="0"/>
        <line num="151" type="stmt" count="0"/>
        <line num="159" type="method" name="setupComposerAndIO" visibility="protected" complexity="1" crap="2" count="0"/>
        <line num="161" type="stmt" count="0"/>
        <line num="162" type="stmt" count="0"/>
        <line num="164" type="stmt" count="0"/>
        <line num="175" type="method" name="validateLockFile" visibility="protected" complexity="2" crap="6" count="0"/>
        <line num="179" type="stmt" count="0"/>
        <line num="180" type="stmt" count="0"/>
        <line num="182" type="stmt" count="0"/>
        <line num="185" type="stmt" count="0"/>
        <metrics loc="188" ncloc="103" classes="1" methods="9" coveredmethods="0" conditionals="0" coveredconditionals="0" statements="27" coveredstatements="0" elements="36" coveredelements="0"/>
      </file>
      <file name="/var/www/html/valksor-plugin/src/ValksorPlugin/Command/ValksorRecipesInstallCommand.php">
        <class name="ValksorPlugin\Command\ValksorRecipesInstallCommand" namespace="ValksorPlugin\Command">
          <metrics complexity="12" methods="7" coveredmethods="0" conditionals="0" coveredconditionals="0" statements="27" coveredstatements="0" elements="34" coveredelements="0"/>
        </class>
        <line num="42" type="method" name="configure" visibility="protected" complexity="1" crap="2" count="0"/>
        <line num="44" type="stmt" count="0"/>
        <line num="45" type="stmt" count="0"/>
        <line num="46" type="stmt" count="0"/>
        <line num="47" type="stmt" count="0"/>
        <line num="62" type="method" name="execute" visibility="protected" complexity="3" crap="12" count="0"/>
        <line num="66" type="stmt" count="0"/>
        <line num="69" type="stmt" count="0"/>
        <line num="71" type="stmt" count="0"/>
        <line num="72" type="stmt" count="0"/>
        <line num="75" type="stmt" count="0"/>
        <line num="78" type="stmt" count="0"/>
        <line num="79" type="stmt" count="0"/>
        <line num="83" type="stmt" count="0"/>
        <line num="93" type="method" name="getNoRecipeMessage" visibility="protected" complexity="1" crap="2" count="0"/>
        <line num="96" type="stmt" count="0"/>
        <line num="106" type="method" name="getNotFoundMessage" visibility="protected" complexity="1" crap="2" count="0"/>
        <line num="109" type="stmt" count="0"/>
        <line num="119" type="method" name="getSuccessMessage" visibility="protected" complexity="1" crap="2" count="0"/>
        <line num="122" type="stmt" count="0"/>
        <line num="143" type="method" name="processPackage" visibility="protected" complexity="1" crap="2" count="0"/>
        <line num="148" type="stmt" count="0"/>
        <line num="159" type="method" name="processAllPackages" visibility="private" complexity="4" crap="20" count="0"/>
        <line num="163" type="stmt" count="0"/>
        <line num="165" type="stmt" count="0"/>
        <line num="166" type="stmt" count="0"/>
        <line num="167" type="stmt" count="0"/>
        <line num="169" type="stmt" count="0"/>
        <line num="170" type="stmt" count="0"/>
        <line num="171" type="stmt" count="0"/>
        <line num="175" type="stmt" count="0"/>
        <line num="176" type="stmt" count="0"/>
        <line num="178" type="stmt" count="0"/>
        <line num="181" type="stmt" count="0"/>
        <metrics loc="184" ncloc="98" classes="1" methods="7" coveredmethods="0" conditionals="0" coveredconditionals="0" statements="27" coveredstatements="0" elements="34" coveredelements="0"/>
      </file>
      <file name="/var/www/html/valksor-plugin/src/ValksorPlugin/Command/ValksorRecipesUninstallCommand.php">
        <class name="ValksorPlugin\Command\ValksorRecipesUninstallCommand" namespace="ValksorPlugin\Command">
          <metrics complexity="7" methods="6" coveredmethods="0" conditionals="0" coveredconditionals="0" statements="15" coveredstatements="0" elements="21" coveredelements="0"/>
        </class>
        <line num="39" type="method" name="configure" visibility="protected" complexity="1" crap="2" count="0"/>
        <line num="41" type="stmt" count="0"/>
        <line num="42" type="stmt" count="0"/>
        <line num="43" type="stmt" count="0"/>
        <line num="44" type="stmt" count="0"/>
        <line num="59" type="method" name="execute" visibility="protected" complexity="2" crap="6" count="0"/>
        <line num="63" type="stmt" count="0"/>
        <line num="65" type="stmt" count="0"/>
        <line num="66" type="stmt" count="0"/>
        <line num="69" type="stmt" count="0"/>
        <line num="71" type="stmt" count="0"/>
        <line num="72" type="stmt" count="0"/>
        <line num="75" type="stmt" count="0"/>
        <line num="85" type="method" name="getNoRecipeMessage" visibility="protected" complexity="1" crap="2" count="0"/>
        <line num="88" type="stmt" count="0"/>
        <line num="98" type="method" name="getNotFoundMessage" visibility="protected" complexity="1" crap="2" count="0"/>
        <line num="101" type="stmt" count="0"/>
        <line num="112" type="method" name="getSuccessMessage" visibility="protected" complexity="1" crap="2" count="0"/>
        <line num="115" type="stmt" count="0"/>
        <line num="135" type="method" name="processPackage" visibility="protected" complexity="1" crap="2" count="0"/>
        <line num="139" type="stmt" count="0"/>
        <metrics loc="142" ncloc="68" classes="1" methods="6" coveredmethods="0" conditionals="0" coveredconditionals="0" statements="15" coveredstatements="0" elements="21" coveredelements="0"/>
      </file>
    </package>
    <package name="ValksorPlugin">
      <file name="/var/www/html/valksor-plugin/src/ValksorPlugin/RecipeHandler.php">
        <class name="ValksorPlugin\RecipeHandler" namespace="ValksorPlugin">
          <metrics complexity="27" methods="9" coveredmethods="0" conditionals="0" coveredconditionals="0" statements="96" coveredstatements="0" elements="105" coveredelements="0"/>
        </class>
        <line num="74" type="method" name="__construct" visibility="public" complexity="1" crap="2" count="0"/>
        <line num="78" type="stmt" count="0"/>
        <line num="93" type="method" name="processPackage" visibility="public" complexity="3" crap="12" count="0"/>
        <line num="97" type="stmt" count="0"/>
        <line num="100" type="stmt" count="0"/>
        <line num="101" type="stmt" count="0"/>
        <line num="104" type="stmt" count="0"/>
        <line num="106" type="stmt" count="0"/>
        <line num="107" type="stmt" count="0"/>
        <line num="110" type="stmt" count="0"/>
        <line num="111" type="stmt" count="0"/>
        <line num="113" type="stmt" count="0"/>
        <line num="116" type="stmt" count="0"/>
        <line num="118" type="stmt" count="0"/>
        <line num="119" type="stmt" count="0"/>
        <line num="121" type="stmt" count="0"/>
        <line num="135" type="method" name="uninstallPackage" visibility="public" complexity="3" crap="12" count="0"/>
        <line num="138" type="stmt" count="0"/>
        <line num="141" type="stmt" count="0"/>
        <line num="142" type="stmt" count="0"/>
        <line num="145" type="stmt" count="0"/>
        <line num="147" type="stmt" count="0"/>
        <line num="148" type="stmt" count="0"/>
        <line num="151" type="stmt" count="0"/>
        <line num="153" type="stmt" count="0"/>
        <line num="157" type="stmt" count="0"/>
        <line num="160" type="stmt" count="0"/>
        <line num="163" type="stmt" count="0"/>
        <line num="165" type="stmt" count="0"/>
        <line num="180" type="method" name="getLocalRecipe" visibility="private" complexity="5" crap="30" count="0"/>
        <line num="184" type="stmt" count="0"/>
        <line num="186" type="stmt" count="0"/>
        <line num="187" type="stmt" count="0"/>
        <line num="190" type="stmt" count="0"/>
        <line num="191" type="stmt" count="0"/>
        <line num="193" type="stmt" count="0"/>
        <line num="194" type="stmt" count="0"/>
        <line num="198" type="stmt" count="0"/>
        <line num="199" type="stmt" count="0"/>
        <line num="200" type="stmt" count="0"/>
        <line num="202" type="stmt" count="0"/>
        <line num="205" type="stmt" count="0"/>
        <line num="206" type="stmt" count="0"/>
        <line num="208" type="stmt" count="0"/>
        <line num="209" type="stmt" count="0"/>
        <line num="210" type="stmt" count="0"/>
        <line num="211" type="stmt" count="0"/>
        <line num="212" type="stmt" count="0"/>
        <line num="213" type="stmt" count="0"/>
        <line num="214" type="stmt" count="0"/>
        <line num="215" type="stmt" count="0"/>
        <line num="216" type="stmt" count="0"/>
        <line num="217" type="stmt" count="0"/>
        <line num="231" type="method" name="getPackageConfig" visibility="private" complexity="3" crap="12" count="0"/>
        <line num="234" type="stmt" count="0"/>
        <line num="236" type="stmt" count="0"/>
        <line num="237" type="stmt" count="0"/>
        <line num="239" type="stmt" count="0"/>
        <line num="241" type="stmt" count="0"/>
        <line num="263" type="method" name="initializeFlexObjects" visibility="private" complexity="2" crap="6" count="0"/>
        <line num="265" type="stmt" count="0"/>
        <line num="266" type="stmt" count="0"/>
        <line num="268" type="stmt" count="0"/>
        <line num="271" type="stmt" count="0"/>
        <line num="272" type="stmt" count="0"/>
        <line num="273" type="stmt" count="0"/>
        <line num="275" type="stmt" count="0"/>
        <line num="276" type="stmt" count="0"/>
        <line num="277" type="stmt" count="0"/>
        <line num="278" type="stmt" count="0"/>
        <line num="279" type="stmt" count="0"/>
        <line num="280" type="stmt" count="0"/>
        <line num="282" type="stmt" count="0"/>
        <line num="283" type="stmt" count="0"/>
        <line num="285" type="stmt" count="0"/>
        <line num="286" type="stmt" count="0"/>
        <line num="300" type="method" name="isPackageAllowed" visibility="private" complexity="4" crap="20" count="0"/>
        <line num="303" type="stmt" count="0"/>
        <line num="305" type="stmt" count="0"/>
        <line num="306" type="stmt" count="0"/>
        <line num="309" type="stmt" count="0"/>
        <line num="310" type="stmt" count="0"/>
        <line num="313" type="stmt" count="0"/>
        <line num="322" type="method" name="logRecipeApplication" visibility="private" complexity="2" crap="6" count="0"/>
        <line num="326" type="stmt" count="0"/>
        <line num="331" type="stmt" count="0"/>
        <line num="336" type="stmt" count="0"/>
        <line num="352" type="method" name="parseLocalRecipeFiles" visibility="private" complexity="4" crap="20" count="0"/>
        <line num="356" type="stmt" count="0"/>
        <line num="357" type="stmt" count="0"/>
        <line num="358" type="stmt" count="0"/>
        <line num="359" type="stmt" count="0"/>
        <line num="360" type="stmt" count="0"/>
        <line num="362" type="stmt" count="0"/>
        <line num="363" type="stmt" count="0"/>
        <line num="364" type="stmt" count="0"/>
        <line num="366" type="stmt" count="0"/>
        <line num="368" type="stmt" count="0"/>
        <line num="369" type="stmt" count="0"/>
        <line num="371" type="stmt" count="0"/>
        <line num="372" type="stmt" count="0"/>
        <line num="373" type="stmt" count="0"/>
        <line num="374" type="stmt" count="0"/>
        <line num="375" type="stmt" count="0"/>
        <line num="378" type="stmt" count="0"/>
        <metrics loc="381" ncloc="235" classes="1" methods="9" coveredmethods="0" conditionals="0" coveredconditionals="0" statements="96" coveredstatements="0" elements="105" coveredelements="0"/>
      </file>
      <file name="/var/www/html/valksor-plugin/src/ValksorPlugin/ValksorFlex.php">
        <class name="ValksorPlugin\ValksorFlex" namespace="ValksorPlugin">
          <metrics complexity="14" methods="11" coveredmethods="0" conditionals="0" coveredconditionals="0" statements="38" coveredstatements="0" elements="49" coveredelements="0"/>
        </class>
        <line num="56" type="method" name="activate" visibility="public" complexity="1" crap="2" count="0"/>
        <line num="61" type="stmt" count="0"/>
        <line num="73" type="method" name="deactivate" visibility="public" complexity="1" crap="2" count="0"/>
        <line num="77" type="stmt" count="0"/>
        <line num="86" type="method" name="getCapabilities" visibility="public" complexity="1" crap="2" count="0"/>
        <line num="88" type="stmt" count="0"/>
        <line num="89" type="stmt" count="0"/>
        <line num="90" type="stmt" count="0"/>
        <line num="100" type="method" name="getCommands" visibility="public" complexity="1" crap="2" count="0"/>
        <line num="102" type="stmt" count="0"/>
        <line num="103" type="stmt" count="0"/>
        <line num="104" type="stmt" count="0"/>
        <line num="105" type="stmt" count="0"/>
        <line num="116" type="method" name="onPostPackageInstall" visibility="public" complexity="1" crap="2" count="0"/>
        <line num="120" type="stmt" count="0"/>
        <line num="122" type="stmt" count="0"/>
        <line num="123" type="stmt" count="0"/>
        <line num="134" type="method" name="onPostPackageUpdate" visibility="public" complexity="1" crap="2" count="0"/>
        <line num="138" type="stmt" count="0"/>
        <line num="140" type="stmt" count="0"/>
        <line num="142" type="stmt" count="0"/>
        <line num="153" type="method" name="onPrePackageUninstall" visibility="public" complexity="2" crap="6" count="0"/>
        <line num="157" type="stmt" count="0"/>
        <line num="159" type="stmt" count="0"/>
        <line num="160" type="stmt" count="0"/>
        <line num="172" type="stmt" count="0"/>
        <line num="173" type="stmt" count="0"/>
        <line num="176" type="stmt" count="0"/>
        <line num="177" type="stmt" count="0"/>
        <line num="178" type="stmt" count="0"/>
        <line num="190" type="method" name="uninstall" visibility="public" complexity="1" crap="2" count="0"/>
        <line num="194" type="stmt" count="0"/>
        <line num="203" type="method" name="getSubscribedEvents" visibility="public" complexity="1" crap="2" count="0"/>
        <line num="205" type="stmt" count="0"/>
        <line num="206" type="stmt" count="0"/>
        <line num="207" type="stmt" count="0"/>
        <line num="208" type="stmt" count="0"/>
        <line num="209" type="stmt" count="0"/>
        <line num="222" type="method" name="getHandler" visibility="private" complexity="2" crap="6" count="0"/>
        <line num="226" type="stmt" count="0"/>
        <line num="227" type="stmt" count="0"/>
        <line num="230" type="stmt" count="0"/>
        <line num="233" type="method" name="onPostPackage" visibility="private" complexity="2" crap="6" count="0"/>
        <line num="238" type="stmt" count="0"/>
        <line num="241" type="stmt" count="0"/>
        <line num="242" type="stmt" count="0"/>
        <line num="245" type="stmt" count="0"/>
        <line num="246" type="stmt" count="0"/>
        <line num="247" type="stmt" count="0"/>
        <metrics loc="250" ncloc="133" classes="1" methods="11" coveredmethods="0" conditionals="0" coveredconditionals="0" statements="38" coveredstatements="0" elements="49" coveredelements="0"/>
      </file>
    </package>
    <metrics files="5" loc="1145" ncloc="637" classes="5" methods="42" coveredmethods="0" conditionals="0" coveredconditionals="0" statements="203" coveredstatements="0" elements="245" coveredelements="0"/>
  </project>
</coverage>
