<?xml version="1.0" encoding="UTF-8"?>
<!DOCTYPE coverage SYSTEM "http://cobertura.sourceforge.net/xml/coverage-04.dtd">
<coverage line-rate="1" branch-rate="0" lines-covered="189" lines-valid="189" branches-covered="0" branches-valid="0" complexity="67" version="0.4" timestamp="0">
  <sources>
    <source>/var/www/html/valksor-plugin/src/ValksorPlugin</source>
  </sources>
  <packages>
    <package name="Command/AbstractValksorRecipeCommand.php" line-rate="1" branch-rate="0" complexity="11">
      <classes>
        <class name="ValksorPlugin\Command\AbstractValksorRecipeCommand" filename="Command/AbstractValksorRecipeCommand.php" line-rate="1" branch-rate="0" complexity="11">
          <methods>
            <method name="getHandler" signature="" line-rate="1" branch-rate="0" complexity="1">
              <lines>
                <line number="35" hits="8"/>
              </lines>
            </method>
            <method name="getNoRecipeMessage" signature="string $packageName" line-rate="1" branch-rate="0" complexity="1">
              <lines>
                <line number="46" hits="6"/>
              </lines>
            </method>
            <method name="getNotFoundMessage" signature="string $packageName" line-rate="1" branch-rate="0" complexity="1">
              <lines>
                <line number="57" hits="4"/>
              </lines>
            </method>
            <method name="findPackageByName" signature="string $packageName" line-rate="1" branch-rate="0" complexity="3">
              <lines>
                <line number="70" hits="8"/>
                <line number="71" hits="8"/>
                <line number="72" hits="6"/>
                <line number="76" hits="3"/>
              </lines>
            </method>
            <method name="processSpecificPackage" signature="string $packageName" line-rate="1" branch-rate="0" complexity="3">
              <lines>
                <line number="89" hits="7"/>
                <line number="91" hits="7"/>
                <line number="93" hits="7"/>
                <line number="94" hits="2"/>
                <line number="96" hits="2"/>
                <line number="99" hits="5"/>
                <line number="100" hits="1"/>
                <line number="102" hits="1"/>
                <line number="105" hits="4"/>
                <line number="107" hits="4"/>
              </lines>
            </method>
            <method name="validateLockFile" signature="" line-rate="1" branch-rate="0" complexity="2">
              <lines>
                <line number="117" hits="14"/>
                <line number="118" hits="3"/>
                <line number="120" hits="3"/>
                <line number="123" hits="11"/>
              </lines>
            </method>
          </methods>
          <lines>
            <line number="35" hits="8"/>
            <line number="46" hits="6"/>
            <line number="57" hits="4"/>
            <line number="70" hits="8"/>
            <line number="71" hits="8"/>
            <line number="72" hits="6"/>
            <line number="76" hits="3"/>
            <line number="89" hits="7"/>
            <line number="91" hits="7"/>
            <line number="93" hits="7"/>
            <line number="94" hits="2"/>
            <line number="96" hits="2"/>
            <line number="99" hits="5"/>
            <line number="100" hits="1"/>
            <line number="102" hits="1"/>
            <line number="105" hits="4"/>
            <line number="107" hits="4"/>
            <line number="117" hits="14"/>
            <line number="118" hits="3"/>
            <line number="120" hits="3"/>
            <line number="123" hits="11"/>
          </lines>
        </class>
      </classes>
    </package>
    <package name="Command/ValksorRecipesInstallCommand.php" line-rate="1" branch-rate="0" complexity="10">
      <classes>
        <class name="ValksorPlugin\Command\ValksorRecipesInstallCommand" filename="Command/ValksorRecipesInstallCommand.php" line-rate="1" branch-rate="0" complexity="10">
          <methods>
            <method name="getSuccessMessage" signature="string $packageName" line-rate="1" branch-rate="0" complexity="1">
              <lines>
                <line number="37" hits="2"/>
              </lines>
            </method>
            <method name="processPackage" signature="PackageInterface $package" line-rate="1" branch-rate="0" complexity="1">
              <lines>
                <line number="43" hits="7"/>
              </lines>
            </method>
            <method name="configure" signature="" line-rate="1" branch-rate="0" complexity="1">
              <lines>
                <line number="54" hits="22"/>
                <line number="55" hits="22"/>
                <line number="56" hits="22"/>
                <line number="57" hits="22"/>
              </lines>
            </method>
            <method name="execute" signature="InputInterface $input, OutputInterface $output" line-rate="1" branch-rate="0" complexity="3">
              <lines>
                <line number="76" hits="8"/>
                <line number="77" hits="1"/>
                <line number="80" hits="7"/>
                <line number="83" hits="7"/>
                <line number="84" hits="4"/>
                <line number="88" hits="3"/>
              </lines>
            </method>
            <method name="processAllPackages" signature="" line-rate="1" branch-rate="0" complexity="4">
              <lines>
                <line number="98" hits="4"/>
                <line number="100" hits="4"/>
                <line number="101" hits="4"/>
                <line number="103" hits="4"/>
                <line number="104" hits="4"/>
                <line number="105" hits="1"/>
                <line number="109" hits="4"/>
                <line number="110" hits="3"/>
                <line number="112" hits="1"/>
                <line number="115" hits="4"/>
              </lines>
            </method>
          </methods>
          <lines>
            <line number="37" hits="2"/>
            <line number="43" hits="7"/>
            <line number="54" hits="22"/>
            <line number="55" hits="22"/>
            <line number="56" hits="22"/>
            <line number="57" hits="22"/>
            <line number="76" hits="8"/>
            <line number="77" hits="1"/>
            <line number="80" hits="7"/>
            <line number="83" hits="7"/>
            <line number="84" hits="4"/>
            <line number="88" hits="3"/>
            <line number="98" hits="4"/>
            <line number="100" hits="4"/>
            <line number="101" hits="4"/>
            <line number="103" hits="4"/>
            <line number="104" hits="4"/>
            <line number="105" hits="1"/>
            <line number="109" hits="4"/>
            <line number="110" hits="3"/>
            <line number="112" hits="1"/>
            <line number="115" hits="4"/>
          </lines>
        </class>
      </classes>
    </package>
    <package name="Command/ValksorRecipesUninstallCommand.php" line-rate="1" branch-rate="0" complexity="5">
      <classes>
        <class name="ValksorPlugin\Command\ValksorRecipesUninstallCommand" filename="Command/ValksorRecipesUninstallCommand.php" line-rate="1" branch-rate="0" complexity="5">
          <methods>
            <method name="getSuccessMessage" signature="string $packageName" line-rate="1" branch-rate="0" complexity="1">
              <lines>
                <line number="36" hits="1"/>
              </lines>
            </method>
            <method name="processPackage" signature="PackageInterface $package" line-rate="1" branch-rate="0" complexity="1">
              <lines>
                <line number="42" hits="2"/>
              </lines>
            </method>
            <method name="configure" signature="" line-rate="1" branch-rate="0" complexity="1">
              <lines>
                <line number="53" hits="14"/>
                <line number="54" hits="14"/>
                <line number="55" hits="14"/>
                <line number="56" hits="14"/>
              </lines>
            </method>
            <method name="execute" signature="InputInterface $input, OutputInterface $output" line-rate="1" branch-rate="0" complexity="2">
              <lines>
                <line number="63" hits="4"/>
                <line number="64" hits="4"/>
                <line number="66" hits="4"/>
                <line number="68" hits="4"/>
                <line number="69" hits="1"/>
                <line number="72" hits="3"/>
              </lines>
            </method>
          </methods>
          <lines>
            <line number="36" hits="1"/>
            <line number="42" hits="2"/>
            <line number="53" hits="14"/>
            <line number="54" hits="14"/>
            <line number="55" hits="14"/>
            <line number="56" hits="14"/>
            <line number="63" hits="4"/>
            <line number="64" hits="4"/>
            <line number="66" hits="4"/>
            <line number="68" hits="4"/>
            <line number="69" hits="1"/>
            <line number="72" hits="3"/>
          </lines>
        </class>
      </classes>
    </package>
    <package name="Contracts/RecipeCommandInterface.php" line-rate="0" branch-rate="0" complexity="0">
      <classes/>
    </package>
    <package name="RecipeHandler.php" line-rate="1" branch-rate="0" complexity="27">
      <classes>
        <class name="ValksorPlugin\RecipeHandler" filename="RecipeHandler.php" line-rate="1" branch-rate="0" complexity="27">
          <methods>
            <method name="__construct" signature="Composer $composer, IOInterface $io" line-rate="1" branch-rate="0" complexity="1">
              <lines>
                <line number="78" hits="56"/>
              </lines>
            </method>
            <method name="processPackage" signature="PackageInterface $package, string $operation" line-rate="1" branch-rate="0" complexity="3">
              <lines>
                <line number="97" hits="18"/>
                <line number="100" hits="18"/>
                <line number="101" hits="9"/>
                <line number="104" hits="9"/>
                <line number="106" hits="9"/>
                <line number="107" hits="7"/>
                <line number="110" hits="2"/>
                <line number="111" hits="2"/>
                <line number="113" hits="2"/>
                <line number="116" hits="2"/>
                <line number="118" hits="2"/>
                <line number="119" hits="2"/>
                <line number="121" hits="2"/>
              </lines>
            </method>
            <method name="uninstallPackage" signature="PackageInterface $package" line-rate="1" branch-rate="0" complexity="3">
              <lines>
                <line number="138" hits="7"/>
                <line number="141" hits="7"/>
                <line number="142" hits="3"/>
                <line number="145" hits="4"/>
                <line number="147" hits="4"/>
                <line number="148" hits="3"/>
                <line number="151" hits="1"/>
                <line number="153" hits="1"/>
                <line number="157" hits="1"/>
                <line number="160" hits="1"/>
                <line number="163" hits="1"/>
                <line number="165" hits="1"/>
              </lines>
            </method>
            <method name="getLocalRecipe" signature="PackageInterface $package, string $operation" line-rate="1" branch-rate="0" complexity="5">
              <lines>
                <line number="184" hits="20"/>
                <line number="186" hits="20"/>
                <line number="187" hits="14"/>
                <line number="190" hits="6"/>
                <line number="191" hits="6"/>
                <line number="193" hits="6"/>
                <line number="194" hits="1"/>
                <line number="198" hits="5"/>
                <line number="199" hits="1"/>
                <line number="200" hits="1"/>
                <line number="202" hits="1"/>
                <line number="205" hits="4"/>
                <line number="206" hits="4"/>
                <line number="208" hits="4"/>
                <line number="209" hits="4"/>
                <line number="210" hits="4"/>
                <line number="211" hits="4"/>
                <line number="212" hits="4"/>
                <line number="213" hits="4"/>
                <line number="214" hits="4"/>
                <line number="215" hits="4"/>
                <line number="216" hits="4"/>
                <line number="217" hits="4"/>
              </lines>
            </method>
            <method name="getPackageConfig" signature="string $packageName" line-rate="1" branch-rate="0" complexity="3">
              <lines>
                <line number="234" hits="6"/>
                <line number="236" hits="6"/>
                <line number="237" hits="1"/>
                <line number="239" hits="5"/>
                <line number="241" hits="5"/>
              </lines>
            </method>
            <method name="initializeFlexObjects" signature="" line-rate="1" branch-rate="0" complexity="2">
              <lines>
                <line number="265" hits="6"/>
                <line number="266" hits="4"/>
                <line number="268" hits="3"/>
                <line number="271" hits="3"/>
                <line number="272" hits="3"/>
                <line number="273" hits="3"/>
                <line number="275" hits="3"/>
                <line number="276" hits="3"/>
                <line number="277" hits="3"/>
                <line number="278" hits="3"/>
                <line number="279" hits="3"/>
                <line number="280" hits="3"/>
                <line number="282" hits="3"/>
                <line number="283" hits="3"/>
                <line number="285" hits="3"/>
                <line number="286" hits="3"/>
              </lines>
            </method>
            <method name="isPackageAllowed" signature="string $packageName" line-rate="1" branch-rate="0" complexity="4">
              <lines>
                <line number="303" hits="30"/>
                <line number="305" hits="30"/>
                <line number="306" hits="10"/>
                <line number="309" hits="20"/>
                <line number="310" hits="5"/>
                <line number="313" hits="15"/>
              </lines>
            </method>
            <method name="logRecipeApplication" signature="string $packageName, bool $allowOverride" line-rate="1" branch-rate="0" complexity="2">
              <lines>
                <line number="326" hits="4"/>
                <line number="327" hits="2"/>
                <line number="329" hits="2"/>
              </lines>
            </method>
            <method name="parseLocalRecipeFiles" signature="string $recipePath, string $manifestPath" line-rate="1" branch-rate="0" complexity="4">
              <lines>
                <line number="349" hits="10"/>
                <line number="350" hits="10"/>
                <line number="351" hits="10"/>
                <line number="352" hits="10"/>
                <line number="353" hits="10"/>
                <line number="355" hits="10"/>
                <line number="356" hits="10"/>
                <line number="357" hits="8"/>
                <line number="359" hits="10"/>
                <line number="361" hits="10"/>
                <line number="362" hits="2"/>
                <line number="364" hits="9"/>
                <line number="365" hits="9"/>
                <line number="366" hits="9"/>
                <line number="367" hits="9"/>
                <line number="368" hits="9"/>
                <line number="371" hits="10"/>
              </lines>
            </method>
          </methods>
          <lines>
            <line number="78" hits="56"/>
            <line number="97" hits="18"/>
            <line number="100" hits="18"/>
            <line number="101" hits="9"/>
            <line number="104" hits="9"/>
            <line number="106" hits="9"/>
            <line number="107" hits="7"/>
            <line number="110" hits="2"/>
            <line number="111" hits="2"/>
            <line number="113" hits="2"/>
            <line number="116" hits="2"/>
            <line number="118" hits="2"/>
            <line number="119" hits="2"/>
            <line number="121" hits="2"/>
            <line number="138" hits="7"/>
            <line number="141" hits="7"/>
            <line number="142" hits="3"/>
            <line number="145" hits="4"/>
            <line number="147" hits="4"/>
            <line number="148" hits="3"/>
            <line number="151" hits="1"/>
            <line number="153" hits="1"/>
            <line number="157" hits="1"/>
            <line number="160" hits="1"/>
            <line number="163" hits="1"/>
            <line number="165" hits="1"/>
            <line number="184" hits="20"/>
            <line number="186" hits="20"/>
            <line number="187" hits="14"/>
            <line number="190" hits="6"/>
            <line number="191" hits="6"/>
            <line number="193" hits="6"/>
            <line number="194" hits="1"/>
            <line number="198" hits="5"/>
            <line number="199" hits="1"/>
            <line number="200" hits="1"/>
            <line number="202" hits="1"/>
            <line number="205" hits="4"/>
            <line number="206" hits="4"/>
            <line number="208" hits="4"/>
            <line number="209" hits="4"/>
            <line number="210" hits="4"/>
            <line number="211" hits="4"/>
            <line number="212" hits="4"/>
            <line number="213" hits="4"/>
            <line number="214" hits="4"/>
            <line number="215" hits="4"/>
            <line number="216" hits="4"/>
            <line number="217" hits="4"/>
            <line number="234" hits="6"/>
            <line number="236" hits="6"/>
            <line number="237" hits="1"/>
            <line number="239" hits="5"/>
            <line number="241" hits="5"/>
            <line number="265" hits="6"/>
            <line number="266" hits="4"/>
            <line number="268" hits="3"/>
            <line number="271" hits="3"/>
            <line number="272" hits="3"/>
            <line number="273" hits="3"/>
            <line number="275" hits="3"/>
            <line number="276" hits="3"/>
            <line number="277" hits="3"/>
            <line number="278" hits="3"/>
            <line number="279" hits="3"/>
            <line number="280" hits="3"/>
            <line number="282" hits="3"/>
            <line number="283" hits="3"/>
            <line number="285" hits="3"/>
            <line number="286" hits="3"/>
            <line number="303" hits="30"/>
            <line number="305" hits="30"/>
            <line number="306" hits="10"/>
            <line number="309" hits="20"/>
            <line number="310" hits="5"/>
            <line number="313" hits="15"/>
            <line number="326" hits="4"/>
            <line number="327" hits="2"/>
            <line number="329" hits="2"/>
            <line number="349" hits="10"/>
            <line number="350" hits="10"/>
            <line number="351" hits="10"/>
            <line number="352" hits="10"/>
            <line number="353" hits="10"/>
            <line number="355" hits="10"/>
            <line number="356" hits="10"/>
            <line number="357" hits="8"/>
            <line number="359" hits="10"/>
            <line number="361" hits="10"/>
            <line number="362" hits="2"/>
            <line number="364" hits="9"/>
            <line number="365" hits="9"/>
            <line number="366" hits="9"/>
            <line number="367" hits="9"/>
            <line number="368" hits="9"/>
            <line number="371" hits="10"/>
          </lines>
        </class>
      </classes>
    </package>
    <package name="ValksorFlex.php" line-rate="1" branch-rate="0" complexity="14">
      <classes>
        <class name="ValksorPlugin\ValksorFlex" filename="ValksorFlex.php" line-rate="1" branch-rate="0" complexity="14">
          <methods>
            <method name="activate" signature="Composer $composer, IOInterface $io" line-rate="1" branch-rate="0" complexity="1">
              <lines>
                <line number="61" hits="1"/>
              </lines>
            </method>
            <method name="deactivate" signature="Composer $composer, IOInterface $io" line-rate="1" branch-rate="0" complexity="1">
              <lines>
                <line number="77" hits="1"/>
              </lines>
            </method>
            <method name="getCapabilities" signature="" line-rate="1" branch-rate="0" complexity="1">
              <lines>
                <line number="88" hits="1"/>
                <line number="89" hits="1"/>
                <line number="90" hits="1"/>
              </lines>
            </method>
            <method name="getCommands" signature="" line-rate="1" branch-rate="0" complexity="1">
              <lines>
                <line number="102" hits="1"/>
                <line number="103" hits="1"/>
                <line number="104" hits="1"/>
                <line number="105" hits="1"/>
              </lines>
            </method>
            <method name="onPostPackageInstall" signature="PackageEvent $event" line-rate="1" branch-rate="0" complexity="1">
              <lines>
                <line number="120" hits="3"/>
                <line number="122" hits="3"/>
                <line number="123" hits="3"/>
              </lines>
            </method>
            <method name="onPostPackageUpdate" signature="PackageEvent $event" line-rate="1" branch-rate="0" complexity="1">
              <lines>
                <line number="138" hits="1"/>
                <line number="140" hits="1"/>
                <line number="142" hits="1"/>
              </lines>
            </method>
            <method name="onPrePackageUninstall" signature="PackageEvent $event" line-rate="1" branch-rate="0" complexity="2">
              <lines>
                <line number="157" hits="2"/>
                <line number="159" hits="2"/>
                <line number="160" hits="2"/>
                <line number="163" hits="2"/>
                <line number="164" hits="1"/>
                <line number="167" hits="2"/>
                <line number="168" hits="2"/>
                <line number="169" hits="2"/>
              </lines>
            </method>
            <method name="uninstall" signature="Composer $composer, IOInterface $io" line-rate="1" branch-rate="0" complexity="1">
              <lines>
                <line number="185" hits="1"/>
              </lines>
            </method>
            <method name="getSubscribedEvents" signature="" line-rate="1" branch-rate="0" complexity="1">
              <lines>
                <line number="196" hits="1"/>
                <line number="197" hits="1"/>
                <line number="198" hits="1"/>
                <line number="199" hits="1"/>
                <line number="200" hits="1"/>
              </lines>
            </method>
            <method name="getHandler" signature="Composer $composer, IOInterface $io" line-rate="1" branch-rate="0" complexity="2">
              <lines>
                <line number="217" hits="7"/>
                <line number="218" hits="2"/>
                <line number="221" hits="7"/>
              </lines>
            </method>
            <method name="onPostPackage" signature="PackageInterface $package, PackageEvent $event, string $type" line-rate="1" branch-rate="0" complexity="2">
              <lines>
                <line number="229" hits="4"/>
                <line number="232" hits="4"/>
                <line number="233" hits="2"/>
                <line number="236" hits="4"/>
                <line number="237" hits="4"/>
                <line number="238" hits="4"/>
              </lines>
            </method>
          </methods>
          <lines>
            <line number="61" hits="1"/>
            <line number="77" hits="1"/>
            <line number="88" hits="1"/>
            <line number="89" hits="1"/>
            <line number="90" hits="1"/>
            <line number="102" hits="1"/>
            <line number="103" hits="1"/>
            <line number="104" hits="1"/>
            <line number="105" hits="1"/>
            <line number="120" hits="3"/>
            <line number="122" hits="3"/>
            <line number="123" hits="3"/>
            <line number="138" hits="1"/>
            <line number="140" hits="1"/>
            <line number="142" hits="1"/>
            <line number="157" hits="2"/>
            <line number="159" hits="2"/>
            <line number="160" hits="2"/>
            <line number="163" hits="2"/>
            <line number="164" hits="1"/>
            <line number="167" hits="2"/>
            <line number="168" hits="2"/>
            <line number="169" hits="2"/>
            <line number="185" hits="1"/>
            <line number="196" hits="1"/>
            <line number="197" hits="1"/>
            <line number="198" hits="1"/>
            <line number="199" hits="1"/>
            <line number="200" hits="1"/>
            <line number="217" hits="7"/>
            <line number="218" hits="2"/>
            <line number="221" hits="7"/>
            <line number="229" hits="4"/>
            <line number="232" hits="4"/>
            <line number="233" hits="2"/>
            <line number="236" hits="4"/>
            <line number="237" hits="4"/>
            <line number="238" hits="4"/>
          </lines>
        </class>
      </classes>
    </package>
  </packages>
</coverage>
