<?xml version="1.0" encoding="UTF-8"?>
<!DOCTYPE coverage SYSTEM "http://cobertura.sourceforge.net/xml/coverage-04.dtd">
<coverage line-rate="1" branch-rate="0" lines-covered="199" lines-valid="199" branches-covered="0" branches-valid="0" complexity="70" version="0.4" timestamp="0">
  <sources>
    <source>/var/www/html/valksor-plugin/src/ValksorPlugin</source>
  </sources>
  <packages>
    <package name="Command/AbstractValksorRecipeCommand.php" line-rate="1" branch-rate="0" complexity="10">
      <classes>
        <class name="ValksorPlugin\Command\AbstractValksorRecipeCommand" filename="Command/AbstractValksorRecipeCommand.php" line-rate="1" branch-rate="0" complexity="10">
          <methods>
            <method name="createRecipeHandler" signature="Composer $composer, IOInterface $io" line-rate="1" branch-rate="0" complexity="1">
              <lines>
                <line number="93" hits="5"/>
              </lines>
            </method>
            <method name="findPackageByName" signature="Composer $composer, string $packageName" line-rate="1" branch-rate="0" complexity="3">
              <lines>
                <line number="108" hits="7"/>
                <line number="109" hits="7"/>
                <line number="110" hits="5"/>
                <line number="114" hits="2"/>
              </lines>
            </method>
            <method name="processSpecificPackage" signature="Composer $composer, IOInterface $io, string $packageName" line-rate="1" branch-rate="0" complexity="3">
              <lines>
                <line number="131" hits="7"/>
                <line number="133" hits="7"/>
                <line number="135" hits="7"/>
                <line number="136" hits="2"/>
                <line number="138" hits="2"/>
                <line number="141" hits="5"/>
                <line number="143" hits="5"/>
                <line number="144" hits="1"/>
                <line number="146" hits="1"/>
                <line number="149" hits="4"/>
                <line number="151" hits="4"/>
              </lines>
            </method>
            <method name="setupComposerAndIO" signature="" line-rate="1" branch-rate="0" complexity="1">
              <lines>
                <line number="161" hits="11"/>
                <line number="162" hits="11"/>
                <line number="164" hits="11"/>
              </lines>
            </method>
            <method name="validateLockFile" signature="Composer $composer, IOInterface $io" line-rate="1" branch-rate="0" complexity="2">
              <lines>
                <line number="179" hits="11"/>
                <line number="180" hits="2"/>
                <line number="182" hits="2"/>
                <line number="185" hits="9"/>
              </lines>
            </method>
          </methods>
          <lines>
            <line number="93" hits="5"/>
            <line number="108" hits="7"/>
            <line number="109" hits="7"/>
            <line number="110" hits="5"/>
            <line number="114" hits="2"/>
            <line number="131" hits="7"/>
            <line number="133" hits="7"/>
            <line number="135" hits="7"/>
            <line number="136" hits="2"/>
            <line number="138" hits="2"/>
            <line number="141" hits="5"/>
            <line number="143" hits="5"/>
            <line number="144" hits="1"/>
            <line number="146" hits="1"/>
            <line number="149" hits="4"/>
            <line number="151" hits="4"/>
            <line number="161" hits="11"/>
            <line number="162" hits="11"/>
            <line number="164" hits="11"/>
            <line number="179" hits="11"/>
            <line number="180" hits="2"/>
            <line number="182" hits="2"/>
            <line number="185" hits="9"/>
          </lines>
        </class>
      </classes>
    </package>
    <package name="Command/ValksorRecipesInstallCommand.php" line-rate="1" branch-rate="0" complexity="12">
      <classes>
        <class name="ValksorPlugin\Command\ValksorRecipesInstallCommand" filename="Command/ValksorRecipesInstallCommand.php" line-rate="1" branch-rate="0" complexity="12">
          <methods>
            <method name="configure" signature="" line-rate="1" branch-rate="0" complexity="1">
              <lines>
                <line number="44" hits="13"/>
                <line number="45" hits="13"/>
                <line number="46" hits="13"/>
                <line number="47" hits="13"/>
              </lines>
            </method>
            <method name="execute" signature="InputInterface $input, OutputInterface $output" line-rate="1" branch-rate="0" complexity="3">
              <lines>
                <line number="66" hits="7"/>
                <line number="69" hits="7"/>
                <line number="71" hits="7"/>
                <line number="72" hits="1"/>
                <line number="75" hits="6"/>
                <line number="78" hits="6"/>
                <line number="79" hits="4"/>
                <line number="83" hits="2"/>
              </lines>
            </method>
            <method name="getNoRecipeMessage" signature="string $packageName" line-rate="1" branch-rate="0" complexity="1">
              <lines>
                <line number="96" hits="2"/>
              </lines>
            </method>
            <method name="getNotFoundMessage" signature="string $packageName" line-rate="1" branch-rate="0" complexity="1">
              <lines>
                <line number="109" hits="1"/>
              </lines>
            </method>
            <method name="getSuccessMessage" signature="string $packageName" line-rate="1" branch-rate="0" complexity="1">
              <lines>
                <line number="122" hits="2"/>
              </lines>
            </method>
            <method name="processPackage" signature="RecipeHandler $handler, PackageInterface $package" line-rate="1" branch-rate="0" complexity="1">
              <lines>
                <line number="148" hits="5"/>
              </lines>
            </method>
            <method name="processAllPackages" signature="Composer $composer, IOInterface $io" line-rate="1" branch-rate="0" complexity="4">
              <lines>
                <line number="163" hits="2"/>
                <line number="165" hits="2"/>
                <line number="166" hits="2"/>
                <line number="167" hits="2"/>
                <line number="169" hits="2"/>
                <line number="170" hits="2"/>
                <line number="171" hits="1"/>
                <line number="175" hits="2"/>
                <line number="176" hits="1"/>
                <line number="178" hits="1"/>
                <line number="181" hits="2"/>
              </lines>
            </method>
          </methods>
          <lines>
            <line number="44" hits="13"/>
            <line number="45" hits="13"/>
            <line number="46" hits="13"/>
            <line number="47" hits="13"/>
            <line number="66" hits="7"/>
            <line number="69" hits="7"/>
            <line number="71" hits="7"/>
            <line number="72" hits="1"/>
            <line number="75" hits="6"/>
            <line number="78" hits="6"/>
            <line number="79" hits="4"/>
            <line number="83" hits="2"/>
            <line number="96" hits="2"/>
            <line number="109" hits="1"/>
            <line number="122" hits="2"/>
            <line number="148" hits="5"/>
            <line number="163" hits="2"/>
            <line number="165" hits="2"/>
            <line number="166" hits="2"/>
            <line number="167" hits="2"/>
            <line number="169" hits="2"/>
            <line number="170" hits="2"/>
            <line number="171" hits="1"/>
            <line number="175" hits="2"/>
            <line number="176" hits="1"/>
            <line number="178" hits="1"/>
            <line number="181" hits="2"/>
          </lines>
        </class>
      </classes>
    </package>
    <package name="Command/ValksorRecipesUninstallCommand.php" line-rate="1" branch-rate="0" complexity="7">
      <classes>
        <class name="ValksorPlugin\Command\ValksorRecipesUninstallCommand" filename="Command/ValksorRecipesUninstallCommand.php" line-rate="1" branch-rate="0" complexity="7">
          <methods>
            <method name="configure" signature="" line-rate="1" branch-rate="0" complexity="1">
              <lines>
                <line number="41" hits="11"/>
                <line number="42" hits="11"/>
                <line number="43" hits="11"/>
                <line number="44" hits="11"/>
              </lines>
            </method>
            <method name="execute" signature="InputInterface $input, OutputInterface $output" line-rate="1" branch-rate="0" complexity="2">
              <lines>
                <line number="63" hits="4"/>
                <line number="65" hits="4"/>
                <line number="66" hits="4"/>
                <line number="69" hits="4"/>
                <line number="71" hits="4"/>
                <line number="72" hits="1"/>
                <line number="75" hits="3"/>
              </lines>
            </method>
            <method name="getNoRecipeMessage" signature="string $packageName" line-rate="1" branch-rate="0" complexity="1">
              <lines>
                <line number="88" hits="2"/>
              </lines>
            </method>
            <method name="getNotFoundMessage" signature="string $packageName" line-rate="1" branch-rate="0" complexity="1">
              <lines>
                <line number="101" hits="1"/>
              </lines>
            </method>
            <method name="getSuccessMessage" signature="string $packageName" line-rate="1" branch-rate="0" complexity="1">
              <lines>
                <line number="115" hits="1"/>
              </lines>
            </method>
            <method name="processPackage" signature="RecipeHandler $handler, PackageInterface $package" line-rate="1" branch-rate="0" complexity="1">
              <lines>
                <line number="139" hits="2"/>
              </lines>
            </method>
          </methods>
          <lines>
            <line number="41" hits="11"/>
            <line number="42" hits="11"/>
            <line number="43" hits="11"/>
            <line number="44" hits="11"/>
            <line number="63" hits="4"/>
            <line number="65" hits="4"/>
            <line number="66" hits="4"/>
            <line number="69" hits="4"/>
            <line number="71" hits="4"/>
            <line number="72" hits="1"/>
            <line number="75" hits="3"/>
            <line number="88" hits="2"/>
            <line number="101" hits="1"/>
            <line number="115" hits="1"/>
            <line number="139" hits="2"/>
          </lines>
        </class>
      </classes>
    </package>
    <package name="RecipeHandler.php" line-rate="1" branch-rate="0" complexity="27">
      <classes>
        <class name="ValksorPlugin\RecipeHandler" filename="RecipeHandler.php" line-rate="1" branch-rate="0" complexity="27">
          <methods>
            <method name="__construct" signature="Composer $composer, IOInterface $io" line-rate="1" branch-rate="0" complexity="1">
              <lines>
                <line number="78" hits="53"/>
              </lines>
            </method>
            <method name="processPackage" signature="PackageInterface $package, string $operation" line-rate="1" branch-rate="0" complexity="3">
              <lines>
                <line number="97" hits="16"/>
                <line number="100" hits="16"/>
                <line number="101" hits="6"/>
                <line number="104" hits="10"/>
                <line number="106" hits="10"/>
                <line number="107" hits="8"/>
                <line number="110" hits="2"/>
                <line number="111" hits="2"/>
                <line number="113" hits="2"/>
                <line number="116" hits="2"/>
                <line number="118" hits="2"/>
                <line number="119" hits="2"/>
                <line number="121" hits="2"/>
              </lines>
            </method>
            <method name="uninstallPackage" signature="PackageInterface $package" line-rate="1" branch-rate="0" complexity="3">
              <lines>
                <line number="138" hits="7"/>
                <line number="141" hits="7"/>
                <line number="142" hits="3"/>
                <line number="145" hits="4"/>
                <line number="147" hits="4"/>
                <line number="148" hits="3"/>
                <line number="151" hits="1"/>
                <line number="153" hits="1"/>
                <line number="157" hits="1"/>
                <line number="160" hits="1"/>
                <line number="163" hits="1"/>
                <line number="165" hits="1"/>
              </lines>
            </method>
            <method name="getLocalRecipe" signature="PackageInterface $package, string $operation" line-rate="1" branch-rate="0" complexity="5">
              <lines>
                <line number="184" hits="21"/>
                <line number="186" hits="21"/>
                <line number="187" hits="15"/>
                <line number="190" hits="6"/>
                <line number="191" hits="6"/>
                <line number="193" hits="6"/>
                <line number="194" hits="1"/>
                <line number="198" hits="5"/>
                <line number="199" hits="1"/>
                <line number="200" hits="1"/>
                <line number="202" hits="1"/>
                <line number="205" hits="4"/>
                <line number="206" hits="4"/>
                <line number="208" hits="4"/>
                <line number="209" hits="4"/>
                <line number="210" hits="4"/>
                <line number="211" hits="4"/>
                <line number="212" hits="4"/>
                <line number="213" hits="4"/>
                <line number="214" hits="4"/>
                <line number="215" hits="4"/>
                <line number="216" hits="4"/>
                <line number="217" hits="4"/>
              </lines>
            </method>
            <method name="getPackageConfig" signature="string $packageName" line-rate="1" branch-rate="0" complexity="3">
              <lines>
                <line number="234" hits="6"/>
                <line number="236" hits="6"/>
                <line number="237" hits="1"/>
                <line number="239" hits="5"/>
                <line number="241" hits="5"/>
              </lines>
            </method>
            <method name="initializeFlexObjects" signature="" line-rate="1" branch-rate="0" complexity="2">
              <lines>
                <line number="265" hits="6"/>
                <line number="266" hits="4"/>
                <line number="268" hits="3"/>
                <line number="271" hits="3"/>
                <line number="272" hits="3"/>
                <line number="273" hits="3"/>
                <line number="275" hits="3"/>
                <line number="276" hits="3"/>
                <line number="277" hits="3"/>
                <line number="278" hits="3"/>
                <line number="279" hits="3"/>
                <line number="280" hits="3"/>
                <line number="282" hits="3"/>
                <line number="283" hits="3"/>
                <line number="285" hits="3"/>
                <line number="286" hits="3"/>
              </lines>
            </method>
            <method name="isPackageAllowed" signature="string $packageName" line-rate="1" branch-rate="0" complexity="4">
              <lines>
                <line number="303" hits="28"/>
                <line number="305" hits="28"/>
                <line number="306" hits="11"/>
                <line number="309" hits="17"/>
                <line number="310" hits="5"/>
                <line number="313" hits="12"/>
              </lines>
            </method>
            <method name="logRecipeApplication" signature="string $packageName, bool $allowOverride" line-rate="1" branch-rate="0" complexity="2">
              <lines>
                <line number="326" hits="4"/>
                <line number="331" hits="2"/>
                <line number="336" hits="2"/>
              </lines>
            </method>
            <method name="parseLocalRecipeFiles" signature="string $recipePath, string $manifestPath" line-rate="1" branch-rate="0" complexity="4">
              <lines>
                <line number="356" hits="10"/>
                <line number="357" hits="10"/>
                <line number="358" hits="10"/>
                <line number="359" hits="10"/>
                <line number="360" hits="10"/>
                <line number="362" hits="10"/>
                <line number="363" hits="10"/>
                <line number="364" hits="8"/>
                <line number="366" hits="10"/>
                <line number="368" hits="10"/>
                <line number="369" hits="2"/>
                <line number="371" hits="9"/>
                <line number="372" hits="9"/>
                <line number="373" hits="9"/>
                <line number="374" hits="9"/>
                <line number="375" hits="9"/>
                <line number="378" hits="10"/>
              </lines>
            </method>
          </methods>
          <lines>
            <line number="78" hits="53"/>
            <line number="97" hits="16"/>
            <line number="100" hits="16"/>
            <line number="101" hits="6"/>
            <line number="104" hits="10"/>
            <line number="106" hits="10"/>
            <line number="107" hits="8"/>
            <line number="110" hits="2"/>
            <line number="111" hits="2"/>
            <line number="113" hits="2"/>
            <line number="116" hits="2"/>
            <line number="118" hits="2"/>
            <line number="119" hits="2"/>
            <line number="121" hits="2"/>
            <line number="138" hits="7"/>
            <line number="141" hits="7"/>
            <line number="142" hits="3"/>
            <line number="145" hits="4"/>
            <line number="147" hits="4"/>
            <line number="148" hits="3"/>
            <line number="151" hits="1"/>
            <line number="153" hits="1"/>
            <line number="157" hits="1"/>
            <line number="160" hits="1"/>
            <line number="163" hits="1"/>
            <line number="165" hits="1"/>
            <line number="184" hits="21"/>
            <line number="186" hits="21"/>
            <line number="187" hits="15"/>
            <line number="190" hits="6"/>
            <line number="191" hits="6"/>
            <line number="193" hits="6"/>
            <line number="194" hits="1"/>
            <line number="198" hits="5"/>
            <line number="199" hits="1"/>
            <line number="200" hits="1"/>
            <line number="202" hits="1"/>
            <line number="205" hits="4"/>
            <line number="206" hits="4"/>
            <line number="208" hits="4"/>
            <line number="209" hits="4"/>
            <line number="210" hits="4"/>
            <line number="211" hits="4"/>
            <line number="212" hits="4"/>
            <line number="213" hits="4"/>
            <line number="214" hits="4"/>
            <line number="215" hits="4"/>
            <line number="216" hits="4"/>
            <line number="217" hits="4"/>
            <line number="234" hits="6"/>
            <line number="236" hits="6"/>
            <line number="237" hits="1"/>
            <line number="239" hits="5"/>
            <line number="241" hits="5"/>
            <line number="265" hits="6"/>
            <line number="266" hits="4"/>
            <line number="268" hits="3"/>
            <line number="271" hits="3"/>
            <line number="272" hits="3"/>
            <line number="273" hits="3"/>
            <line number="275" hits="3"/>
            <line number="276" hits="3"/>
            <line number="277" hits="3"/>
            <line number="278" hits="3"/>
            <line number="279" hits="3"/>
            <line number="280" hits="3"/>
            <line number="282" hits="3"/>
            <line number="283" hits="3"/>
            <line number="285" hits="3"/>
            <line number="286" hits="3"/>
            <line number="303" hits="28"/>
            <line number="305" hits="28"/>
            <line number="306" hits="11"/>
            <line number="309" hits="17"/>
            <line number="310" hits="5"/>
            <line number="313" hits="12"/>
            <line number="326" hits="4"/>
            <line number="331" hits="2"/>
            <line number="336" hits="2"/>
            <line number="356" hits="10"/>
            <line number="357" hits="10"/>
            <line number="358" hits="10"/>
            <line number="359" hits="10"/>
            <line number="360" hits="10"/>
            <line number="362" hits="10"/>
            <line number="363" hits="10"/>
            <line number="364" hits="8"/>
            <line number="366" hits="10"/>
            <line number="368" hits="10"/>
            <line number="369" hits="2"/>
            <line number="371" hits="9"/>
            <line number="372" hits="9"/>
            <line number="373" hits="9"/>
            <line number="374" hits="9"/>
            <line number="375" hits="9"/>
            <line number="378" hits="10"/>
          </lines>
        </class>
      </classes>
    </package>
    <package name="ValksorFlex.php" line-rate="1" branch-rate="0" complexity="14">
      <classes>
        <class name="ValksorPlugin\ValksorFlex" filename="ValksorFlex.php" line-rate="1" branch-rate="0" complexity="14">
          <methods>
            <method name="activate" signature="Composer $composer, IOInterface $io" line-rate="1" branch-rate="0" complexity="1">
              <lines>
                <line number="61" hits="1"/>
              </lines>
            </method>
            <method name="deactivate" signature="Composer $composer, IOInterface $io" line-rate="1" branch-rate="0" complexity="1">
              <lines>
                <line number="77" hits="1"/>
              </lines>
            </method>
            <method name="getCapabilities" signature="" line-rate="1" branch-rate="0" complexity="1">
              <lines>
                <line number="88" hits="1"/>
                <line number="89" hits="1"/>
                <line number="90" hits="1"/>
              </lines>
            </method>
            <method name="getCommands" signature="" line-rate="1" branch-rate="0" complexity="1">
              <lines>
                <line number="102" hits="1"/>
                <line number="103" hits="1"/>
                <line number="104" hits="1"/>
                <line number="105" hits="1"/>
              </lines>
            </method>
            <method name="onPostPackageInstall" signature="PackageEvent $event" line-rate="1" branch-rate="0" complexity="1">
              <lines>
                <line number="120" hits="3"/>
                <line number="122" hits="3"/>
                <line number="123" hits="3"/>
              </lines>
            </method>
            <method name="onPostPackageUpdate" signature="PackageEvent $event" line-rate="1" branch-rate="0" complexity="1">
              <lines>
                <line number="138" hits="1"/>
                <line number="140" hits="1"/>
                <line number="142" hits="1"/>
              </lines>
            </method>
            <method name="onPrePackageUninstall" signature="PackageEvent $event" line-rate="1" branch-rate="0" complexity="2">
              <lines>
                <line number="157" hits="2"/>
                <line number="159" hits="2"/>
                <line number="160" hits="2"/>
                <line number="172" hits="2"/>
                <line number="173" hits="1"/>
                <line number="176" hits="2"/>
                <line number="177" hits="2"/>
                <line number="178" hits="2"/>
              </lines>
            </method>
            <method name="uninstall" signature="Composer $composer, IOInterface $io" line-rate="1" branch-rate="0" complexity="1">
              <lines>
                <line number="194" hits="1"/>
              </lines>
            </method>
            <method name="getSubscribedEvents" signature="" line-rate="1" branch-rate="0" complexity="1">
              <lines>
                <line number="205" hits="1"/>
                <line number="206" hits="1"/>
                <line number="207" hits="1"/>
                <line number="208" hits="1"/>
                <line number="209" hits="1"/>
              </lines>
            </method>
            <method name="getHandler" signature="Composer $composer, IOInterface $io" line-rate="1" branch-rate="0" complexity="2">
              <lines>
                <line number="226" hits="7"/>
                <line number="227" hits="2"/>
                <line number="230" hits="7"/>
              </lines>
            </method>
            <method name="onPostPackage" signature="PackageInterface $package, PackageEvent $event, string $type" line-rate="1" branch-rate="0" complexity="2">
              <lines>
                <line number="238" hits="4"/>
                <line number="241" hits="4"/>
                <line number="242" hits="2"/>
                <line number="245" hits="4"/>
                <line number="246" hits="4"/>
                <line number="247" hits="4"/>
              </lines>
            </method>
          </methods>
          <lines>
            <line number="61" hits="1"/>
            <line number="77" hits="1"/>
            <line number="88" hits="1"/>
            <line number="89" hits="1"/>
            <line number="90" hits="1"/>
            <line number="102" hits="1"/>
            <line number="103" hits="1"/>
            <line number="104" hits="1"/>
            <line number="105" hits="1"/>
            <line number="120" hits="3"/>
            <line number="122" hits="3"/>
            <line number="123" hits="3"/>
            <line number="138" hits="1"/>
            <line number="140" hits="1"/>
            <line number="142" hits="1"/>
            <line number="157" hits="2"/>
            <line number="159" hits="2"/>
            <line number="160" hits="2"/>
            <line number="172" hits="2"/>
            <line number="173" hits="1"/>
            <line number="176" hits="2"/>
            <line number="177" hits="2"/>
            <line number="178" hits="2"/>
            <line number="194" hits="1"/>
            <line number="205" hits="1"/>
            <line number="206" hits="1"/>
            <line number="207" hits="1"/>
            <line number="208" hits="1"/>
            <line number="209" hits="1"/>
            <line number="226" hits="7"/>
            <line number="227" hits="2"/>
            <line number="230" hits="7"/>
            <line number="238" hits="4"/>
            <line number="241" hits="4"/>
            <line number="242" hits="2"/>
            <line number="245" hits="4"/>
            <line number="246" hits="4"/>
            <line number="247" hits="4"/>
          </lines>
        </class>
      </classes>
    </package>
  </packages>
</coverage>
