<?xml version="1.0" encoding="UTF-8"?>
<testsuites>
  <testsuite name="/var/www/html/valksor-plugin/phpunit.xml" tests="93" assertions="169" errors="0" failures="0" skipped="0" time="0.001000">
    <testsuite name="Plugin Tests" tests="93" assertions="169" errors="0" failures="0" skipped="0" time="0.001000">
      <testsuite name="ValksorPlugin\Tests\Unit\RecipeCommandInterfaceTest" file="/var/www/html/valksor-plugin/src/ValksorPlugin/Tests/Unit/RecipeCommandInterfaceTest.php" tests="2" assertions="12" errors="0" failures="0" skipped="0" time="0.001000">
        <testcase name="testInterfaceMethodSignatures" file="/var/www/html/valksor-plugin/src/ValksorPlugin/Tests/Unit/RecipeCommandInterfaceTest.php" line="27" class="ValksorPlugin\Tests\Unit\RecipeCommandInterfaceTest" classname="ValksorPlugin.Tests.Unit.RecipeCommandInterfaceTest" assertions="8" time="0.001000"/>
        <testcase name="testInterfaceMethodsExist" file="/var/www/html/valksor-plugin/src/ValksorPlugin/Tests/Unit/RecipeCommandInterfaceTest.php" line="53" class="ValksorPlugin\Tests\Unit\RecipeCommandInterfaceTest" classname="ValksorPlugin.Tests.Unit.RecipeCommandInterfaceTest" assertions="4" time="0.001000"/>
      </testsuite>
      <testsuite name="ValksorPlugin\Tests\Unit\RecipeHandlerTest" file="/var/www/html/valksor-plugin/src/ValksorPlugin/Tests/Unit/RecipeHandlerTest.php" tests="46" assertions="89" errors="0" failures="0" skipped="0" time="0.001000">
        <testcase name="testConstructorLoadsConfiguration" file="/var/www/html/valksor-plugin/src/ValksorPlugin/Tests/Unit/RecipeHandlerTest.php" line="46" class="ValksorPlugin\Tests\Unit\RecipeHandlerTest" classname="ValksorPlugin.Tests.Unit.RecipeHandlerTest" assertions="2" time="0.001000"/>
        <testcase name="testConstructorWithEmptyConfiguration" file="/var/www/html/valksor-plugin/src/ValksorPlugin/Tests/Unit/RecipeHandlerTest.php" line="68" class="ValksorPlugin\Tests\Unit\RecipeHandlerTest" classname="ValksorPlugin.Tests.Unit.RecipeHandlerTest" assertions="2" time="0.001000"/>
        <testcase name="testGetLocalRecipeJsonErrorHandling" file="/var/www/html/valksor-plugin/src/ValksorPlugin/Tests/Unit/RecipeHandlerTest.php" line="84" class="ValksorPlugin\Tests\Unit\RecipeHandlerTest" classname="ValksorPlugin.Tests.Unit.RecipeHandlerTest" assertions="1" time="0.001000"/>
        <testcase name="testGetLocalRecipeLogsInvalidManifestWarning" file="/var/www/html/valksor-plugin/src/ValksorPlugin/Tests/Unit/RecipeHandlerTest.php" line="107" class="ValksorPlugin\Tests\Unit\RecipeHandlerTest" classname="ValksorPlugin.Tests.Unit.RecipeHandlerTest" assertions="1" time="0.001000"/>
        <testcase name="testGetLocalRecipeReturnsRecipeObject" file="/var/www/html/valksor-plugin/src/ValksorPlugin/Tests/Unit/RecipeHandlerTest.php" line="161" class="ValksorPlugin\Tests\Unit\RecipeHandlerTest" classname="ValksorPlugin.Tests.Unit.RecipeHandlerTest" assertions="15" time="0.001000"/>
        <testcase name="testGetLocalRecipeWithInvalidManifest" file="/var/www/html/valksor-plugin/src/ValksorPlugin/Tests/Unit/RecipeHandlerTest.php" line="232" class="ValksorPlugin\Tests\Unit\RecipeHandlerTest" classname="ValksorPlugin.Tests.Unit.RecipeHandlerTest" assertions="1" time="0.001000"/>
        <testcase name="testGetLocalRecipeWithMissingManifestFile" file="/var/www/html/valksor-plugin/src/ValksorPlugin/Tests/Unit/RecipeHandlerTest.php" line="255" class="ValksorPlugin\Tests\Unit\RecipeHandlerTest" classname="ValksorPlugin.Tests.Unit.RecipeHandlerTest" assertions="1" time="0.001000"/>
        <testcase name="testGetLocalRecipeWithNoRecipeDirectory" file="/var/www/html/valksor-plugin/src/ValksorPlugin/Tests/Unit/RecipeHandlerTest.php" line="296" class="ValksorPlugin\Tests\Unit\RecipeHandlerTest" classname="ValksorPlugin.Tests.Unit.RecipeHandlerTest" assertions="1" time="0.001000"/>
        <testcase name="testGetLocalRecipeWithValidManifestStructure" file="/var/www/html/valksor-plugin/src/ValksorPlugin/Tests/Unit/RecipeHandlerTest.php" line="319" class="ValksorPlugin\Tests\Unit\RecipeHandlerTest" classname="ValksorPlugin.Tests.Unit.RecipeHandlerTest" assertions="1" time="0.001000"/>
        <testcase name="testGetPackageConfigForUnknownPackage" file="/var/www/html/valksor-plugin/src/ValksorPlugin/Tests/Unit/RecipeHandlerTest.php" line="336" class="ValksorPlugin\Tests\Unit\RecipeHandlerTest" classname="ValksorPlugin.Tests.Unit.RecipeHandlerTest" assertions="2" time="0.001000"/>
        <testcase name="testGetPackageConfigViaReflection" file="/var/www/html/valksor-plugin/src/ValksorPlugin/Tests/Unit/RecipeHandlerTest.php" line="360" class="ValksorPlugin\Tests\Unit\RecipeHandlerTest" classname="ValksorPlugin.Tests.Unit.RecipeHandlerTest" assertions="3" time="0.001000"/>
        <testcase name="testGetPackageConfigWithNonArrayAllowConfig" file="/var/www/html/valksor-plugin/src/ValksorPlugin/Tests/Unit/RecipeHandlerTest.php" line="391" class="ValksorPlugin\Tests\Unit\RecipeHandlerTest" classname="ValksorPlugin.Tests.Unit.RecipeHandlerTest" assertions="2" time="0.001000"/>
        <testcase name="testGetPackageConfigWithNonArrayConfig" file="/var/www/html/valksor-plugin/src/ValksorPlugin/Tests/Unit/RecipeHandlerTest.php" line="415" class="ValksorPlugin\Tests\Unit\RecipeHandlerTest" classname="ValksorPlugin.Tests.Unit.RecipeHandlerTest" assertions="2" time="0.001000"/>
        <testcase name="testInitializeFlexObjectsCreatesInstances" file="/var/www/html/valksor-plugin/src/ValksorPlugin/Tests/Unit/RecipeHandlerTest.php" line="441" class="ValksorPlugin\Tests\Unit\RecipeHandlerTest" classname="ValksorPlugin.Tests.Unit.RecipeHandlerTest" assertions="2" time="0.001000"/>
        <testcase name="testInitializeFlexObjectsRunsOnce" file="/var/www/html/valksor-plugin/src/ValksorPlugin/Tests/Unit/RecipeHandlerTest.php" line="462" class="ValksorPlugin\Tests\Unit\RecipeHandlerTest" classname="ValksorPlugin.Tests.Unit.RecipeHandlerTest" assertions="2" time="0.001000"/>
        <testcase name="testInitializeFlexObjectsViaReflection" file="/var/www/html/valksor-plugin/src/ValksorPlugin/Tests/Unit/RecipeHandlerTest.php" line="487" class="ValksorPlugin\Tests\Unit\RecipeHandlerTest" classname="ValksorPlugin.Tests.Unit.RecipeHandlerTest" assertions="4" time="0.001000"/>
        <testsuite name="ValksorPlugin\Tests\Unit\RecipeHandlerTest::testIsPackageAllowedViaReflection" tests="5" assertions="5" errors="0" failures="0" skipped="0" time="0.001000">
          <testcase name="testIsPackageAllowedViaReflection with data set &quot;wildcard allows all&quot;" file="/var/www/html/valksor-plugin/src/ValksorPlugin/Tests/Unit/RecipeHandlerTest.php" line="513" class="ValksorPlugin\Tests\Unit\RecipeHandlerTest" classname="ValksorPlugin.Tests.Unit.RecipeHandlerTest" assertions="1" time="0.001000"/>
          <testcase name="testIsPackageAllowedViaReflection with data set &quot;specific package allowed&quot;" file="/var/www/html/valksor-plugin/src/ValksorPlugin/Tests/Unit/RecipeHandlerTest.php" line="513" class="ValksorPlugin\Tests\Unit\RecipeHandlerTest" classname="ValksorPlugin.Tests.Unit.RecipeHandlerTest" assertions="1" time="0.001000"/>
          <testcase name="testIsPackageAllowedViaReflection with data set &quot;specific package denied&quot;" file="/var/www/html/valksor-plugin/src/ValksorPlugin/Tests/Unit/RecipeHandlerTest.php" line="513" class="ValksorPlugin\Tests\Unit\RecipeHandlerTest" classname="ValksorPlugin.Tests.Unit.RecipeHandlerTest" assertions="1" time="0.001000"/>
          <testcase name="testIsPackageAllowedViaReflection with data set &quot;empty config denies all&quot;" file="/var/www/html/valksor-plugin/src/ValksorPlugin/Tests/Unit/RecipeHandlerTest.php" line="513" class="ValksorPlugin\Tests\Unit\RecipeHandlerTest" classname="ValksorPlugin.Tests.Unit.RecipeHandlerTest" assertions="1" time="0.001000"/>
          <testcase name="testIsPackageAllowedViaReflection with data set &quot;null allow denies all&quot;" file="/var/www/html/valksor-plugin/src/ValksorPlugin/Tests/Unit/RecipeHandlerTest.php" line="513" class="ValksorPlugin\Tests\Unit\RecipeHandlerTest" classname="ValksorPlugin.Tests.Unit.RecipeHandlerTest" assertions="1" time="0.001000"/>
        </testsuite>
        <testcase name="testLogRecipeApplicationWithOverride" file="/var/www/html/valksor-plugin/src/ValksorPlugin/Tests/Unit/RecipeHandlerTest.php" line="534" class="ValksorPlugin\Tests\Unit\RecipeHandlerTest" classname="ValksorPlugin.Tests.Unit.RecipeHandlerTest" assertions="1" time="0.001000"/>
        <testcase name="testLogRecipeApplicationWithoutOverride" file="/var/www/html/valksor-plugin/src/ValksorPlugin/Tests/Unit/RecipeHandlerTest.php" line="554" class="ValksorPlugin\Tests\Unit\RecipeHandlerTest" classname="ValksorPlugin.Tests.Unit.RecipeHandlerTest" assertions="1" time="0.001000"/>
        <testcase name="testParseLocalRecipeFilesSkipsDirectories" file="/var/www/html/valksor-plugin/src/ValksorPlugin/Tests/Unit/RecipeHandlerTest.php" line="572" class="ValksorPlugin\Tests\Unit\RecipeHandlerTest" classname="ValksorPlugin.Tests.Unit.RecipeHandlerTest" assertions="2" time="0.001000"/>
        <testcase name="testParseLocalRecipeFilesViaReflection" file="/var/www/html/valksor-plugin/src/ValksorPlugin/Tests/Unit/RecipeHandlerTest.php" line="614" class="ValksorPlugin\Tests\Unit\RecipeHandlerTest" classname="ValksorPlugin.Tests.Unit.RecipeHandlerTest" assertions="7" time="0.001000"/>
        <testcase name="testParseLocalRecipeFilesWithEmptyDirectory" file="/var/www/html/valksor-plugin/src/ValksorPlugin/Tests/Unit/RecipeHandlerTest.php" line="650" class="ValksorPlugin\Tests\Unit\RecipeHandlerTest" classname="ValksorPlugin.Tests.Unit.RecipeHandlerTest" assertions="2" time="0.001000"/>
        <testcase name="testParseLocalRecipeFilesWithExecutableFile" file="/var/www/html/valksor-plugin/src/ValksorPlugin/Tests/Unit/RecipeHandlerTest.php" line="675" class="ValksorPlugin\Tests\Unit\RecipeHandlerTest" classname="ValksorPlugin.Tests.Unit.RecipeHandlerTest" assertions="7" time="0.001000"/>
        <testcase name="testParseLocalRecipeFilesWithRecipeFiles" file="/var/www/html/valksor-plugin/src/ValksorPlugin/Tests/Unit/RecipeHandlerTest.php" line="710" class="ValksorPlugin\Tests\Unit\RecipeHandlerTest" classname="ValksorPlugin.Tests.Unit.RecipeHandlerTest" assertions="2" time="0.001000"/>
        <testcase name="testParseLocalRecipeFilesWithSubdirectories" file="/var/www/html/valksor-plugin/src/ValksorPlugin/Tests/Unit/RecipeHandlerTest.php" line="728" class="ValksorPlugin\Tests\Unit\RecipeHandlerTest" classname="ValksorPlugin.Tests.Unit.RecipeHandlerTest" assertions="5" time="0.001000"/>
        <testcase name="testProcessPackageCompleteFlowWithValidRecipe" file="/var/www/html/valksor-plugin/src/ValksorPlugin/Tests/Unit/RecipeHandlerTest.php" line="765" class="ValksorPlugin\Tests\Unit\RecipeHandlerTest" classname="ValksorPlugin.Tests.Unit.RecipeHandlerTest" assertions="2" time="0.001000"/>
        <testcase name="testProcessPackageHandlesJsonException" file="/var/www/html/valksor-plugin/src/ValksorPlugin/Tests/Unit/RecipeHandlerTest.php" line="835" class="ValksorPlugin\Tests\Unit\RecipeHandlerTest" classname="ValksorPlugin.Tests.Unit.RecipeHandlerTest" assertions="1" time="0.001000"/>
        <testcase name="testProcessPackageSuccessfulInstallation" file="/var/www/html/valksor-plugin/src/ValksorPlugin/Tests/Unit/RecipeHandlerTest.php" line="870" class="ValksorPlugin\Tests\Unit\RecipeHandlerTest" classname="ValksorPlugin.Tests.Unit.RecipeHandlerTest" assertions="1" time="0.001000"/>
        <testcase name="testProcessPackageWithAllowOverride" file="/var/www/html/valksor-plugin/src/ValksorPlugin/Tests/Unit/RecipeHandlerTest.php" line="902" class="ValksorPlugin\Tests\Unit\RecipeHandlerTest" classname="ValksorPlugin.Tests.Unit.RecipeHandlerTest" assertions="0" time="0.001000"/>
        <testcase name="testProcessPackageWithAllowOverridePassesForceOption" file="/var/www/html/valksor-plugin/src/ValksorPlugin/Tests/Unit/RecipeHandlerTest.php" line="932" class="ValksorPlugin\Tests\Unit\RecipeHandlerTest" classname="ValksorPlugin.Tests.Unit.RecipeHandlerTest" assertions="1" time="0.001000"/>
        <testcase name="testProcessPackageWithAllowedPackageAndValidRecipe" file="/var/www/html/valksor-plugin/src/ValksorPlugin/Tests/Unit/RecipeHandlerTest.php" line="996" class="ValksorPlugin\Tests\Unit\RecipeHandlerTest" classname="ValksorPlugin.Tests.Unit.RecipeHandlerTest" assertions="0" time="0.001000"/>
        <testcase name="testProcessPackageWithDisallowedPackage" file="/var/www/html/valksor-plugin/src/ValksorPlugin/Tests/Unit/RecipeHandlerTest.php" line="1022" class="ValksorPlugin\Tests\Unit\RecipeHandlerTest" classname="ValksorPlugin.Tests.Unit.RecipeHandlerTest" assertions="1" time="0.001000"/>
        <testcase name="testProcessPackageWithInvalidManifestJson" file="/var/www/html/valksor-plugin/src/ValksorPlugin/Tests/Unit/RecipeHandlerTest.php" line="1040" class="ValksorPlugin\Tests\Unit\RecipeHandlerTest" classname="ValksorPlugin.Tests.Unit.RecipeHandlerTest" assertions="1" time="0.001000"/>
        <testcase name="testProcessPackageWithNoInstallationPath" file="/var/www/html/valksor-plugin/src/ValksorPlugin/Tests/Unit/RecipeHandlerTest.php" line="1060" class="ValksorPlugin\Tests\Unit\RecipeHandlerTest" classname="ValksorPlugin.Tests.Unit.RecipeHandlerTest" assertions="1" time="0.001000"/>
        <testcase name="testProcessPackageWithNoRecipeDirectory" file="/var/www/html/valksor-plugin/src/ValksorPlugin/Tests/Unit/RecipeHandlerTest.php" line="1086" class="ValksorPlugin\Tests\Unit\RecipeHandlerTest" classname="ValksorPlugin.Tests.Unit.RecipeHandlerTest" assertions="1" time="0.001000"/>
        <testcase name="testProcessPackageWithWildcardAllow" file="/var/www/html/valksor-plugin/src/ValksorPlugin/Tests/Unit/RecipeHandlerTest.php" line="1103" class="ValksorPlugin\Tests\Unit\RecipeHandlerTest" classname="ValksorPlugin.Tests.Unit.RecipeHandlerTest" assertions="1" time="0.001000"/>
        <testcase name="testProcessPackageWithoutAllowOverride" file="/var/www/html/valksor-plugin/src/ValksorPlugin/Tests/Unit/RecipeHandlerTest.php" line="1136" class="ValksorPlugin\Tests\Unit\RecipeHandlerTest" classname="ValksorPlugin.Tests.Unit.RecipeHandlerTest" assertions="0" time="0.001000"/>
        <testcase name="testUninstallPackageCompleteFlowWithValidRecipe" file="/var/www/html/valksor-plugin/src/ValksorPlugin/Tests/Unit/RecipeHandlerTest.php" line="1172" class="ValksorPlugin\Tests\Unit\RecipeHandlerTest" classname="ValksorPlugin.Tests.Unit.RecipeHandlerTest" assertions="2" time="0.001000"/>
        <testcase name="testUninstallPackageSuccessfulRemoval" file="/var/www/html/valksor-plugin/src/ValksorPlugin/Tests/Unit/RecipeHandlerTest.php" line="1244" class="ValksorPlugin\Tests\Unit\RecipeHandlerTest" classname="ValksorPlugin.Tests.Unit.RecipeHandlerTest" assertions="1" time="0.001000"/>
        <testcase name="testUninstallPackageWithDisallowedPackage" file="/var/www/html/valksor-plugin/src/ValksorPlugin/Tests/Unit/RecipeHandlerTest.php" line="1273" class="ValksorPlugin\Tests\Unit\RecipeHandlerTest" classname="ValksorPlugin.Tests.Unit.RecipeHandlerTest" assertions="1" time="0.001000"/>
        <testcase name="testUninstallPackageWithNoRecipe" file="/var/www/html/valksor-plugin/src/ValksorPlugin/Tests/Unit/RecipeHandlerTest.php" line="1291" class="ValksorPlugin\Tests\Unit\RecipeHandlerTest" classname="ValksorPlugin.Tests.Unit.RecipeHandlerTest" assertions="1" time="0.001000"/>
        <testcase name="testUninstallPackageWithValidRecipe" file="/var/www/html/valksor-plugin/src/ValksorPlugin/Tests/Unit/RecipeHandlerTest.php" line="1308" class="ValksorPlugin\Tests\Unit\RecipeHandlerTest" classname="ValksorPlugin.Tests.Unit.RecipeHandlerTest" assertions="0" time="0.001000"/>
      </testsuite>
      <testsuite name="ValksorPlugin\Tests\Unit\ValksorFlexTest" file="/var/www/html/valksor-plugin/src/ValksorPlugin/Tests/Unit/ValksorFlexTest.php" tests="13" assertions="17" errors="0" failures="0" skipped="0" time="0.001000">
        <testcase name="testActivateRegistersEventSubscriber" file="/var/www/html/valksor-plugin/src/ValksorPlugin/Tests/Unit/ValksorFlexTest.php" line="46" class="ValksorPlugin\Tests\Unit\ValksorFlexTest" classname="ValksorPlugin.Tests.Unit.ValksorFlexTest" assertions="0" time="0.001000"/>
        <testcase name="testDeactivateDoesNothing" file="/var/www/html/valksor-plugin/src/ValksorPlugin/Tests/Unit/ValksorFlexTest.php" line="63" class="ValksorPlugin\Tests\Unit\ValksorFlexTest" classname="ValksorPlugin.Tests.Unit.ValksorFlexTest" assertions="0" time="0.001000"/>
        <testcase name="testDuplicatePackageHandling" file="/var/www/html/valksor-plugin/src/ValksorPlugin/Tests/Unit/ValksorFlexTest.php" line="73" class="ValksorPlugin\Tests\Unit\ValksorFlexTest" classname="ValksorPlugin.Tests.Unit.ValksorFlexTest" assertions="0" time="0.001000"/>
        <testcase name="testGetCapabilitiesReturnsCommandProvider" file="/var/www/html/valksor-plugin/src/ValksorPlugin/Tests/Unit/ValksorFlexTest.php" line="99" class="ValksorPlugin\Tests\Unit\ValksorFlexTest" classname="ValksorPlugin.Tests.Unit.ValksorFlexTest" assertions="3" time="0.001000"/>
        <testcase name="testGetCommandsReturnsBothCommands" file="/var/www/html/valksor-plugin/src/ValksorPlugin/Tests/Unit/ValksorFlexTest.php" line="108" class="ValksorPlugin\Tests\Unit\ValksorFlexTest" classname="ValksorPlugin.Tests.Unit.ValksorFlexTest" assertions="4" time="0.001000"/>
        <testcase name="testGetHandlerCreatesHandlerLazily" file="/var/www/html/valksor-plugin/src/ValksorPlugin/Tests/Unit/ValksorFlexTest.php" line="122" class="ValksorPlugin\Tests\Unit\ValksorFlexTest" classname="ValksorPlugin.Tests.Unit.ValksorFlexTest" assertions="2" time="0.001000"/>
        <testcase name="testGetSubscribedEventsReturnsCorrectEvents" file="/var/www/html/valksor-plugin/src/ValksorPlugin/Tests/Unit/ValksorFlexTest.php" line="134" class="ValksorPlugin\Tests\Unit\ValksorFlexTest" classname="ValksorPlugin.Tests.Unit.ValksorFlexTest" assertions="8" time="0.001000"/>
        <testcase name="testOnPostPackageInstallProcessesAllowedPackage" file="/var/www/html/valksor-plugin/src/ValksorPlugin/Tests/Unit/ValksorFlexTest.php" line="150" class="ValksorPlugin\Tests\Unit\ValksorFlexTest" classname="ValksorPlugin.Tests.Unit.ValksorFlexTest" assertions="0" time="0.001000"/>
        <testcase name="testOnPostPackageInstallSkipsDuplicatePackage" file="/var/www/html/valksor-plugin/src/ValksorPlugin/Tests/Unit/ValksorFlexTest.php" line="164" class="ValksorPlugin\Tests\Unit\ValksorFlexTest" classname="ValksorPlugin.Tests.Unit.ValksorFlexTest" assertions="0" time="0.001000"/>
        <testcase name="testOnPostPackageUpdateProcessesUpdatedPackage" file="/var/www/html/valksor-plugin/src/ValksorPlugin/Tests/Unit/ValksorFlexTest.php" line="191" class="ValksorPlugin\Tests\Unit\ValksorFlexTest" classname="ValksorPlugin.Tests.Unit.ValksorFlexTest" assertions="0" time="0.001000"/>
        <testcase name="testOnPrePackageUninstallPreventsDuplicates" file="/var/www/html/valksor-plugin/src/ValksorPlugin/Tests/Unit/ValksorFlexTest.php" line="217" class="ValksorPlugin\Tests\Unit\ValksorFlexTest" classname="ValksorPlugin.Tests.Unit.ValksorFlexTest" assertions="0" time="0.001000"/>
        <testcase name="testOnPrePackageUninstallRemovesPackage" file="/var/www/html/valksor-plugin/src/ValksorPlugin/Tests/Unit/ValksorFlexTest.php" line="245" class="ValksorPlugin\Tests\Unit\ValksorFlexTest" classname="ValksorPlugin.Tests.Unit.ValksorFlexTest" assertions="0" time="0.001000"/>
        <testcase name="testUninstallDoesNothing" file="/var/www/html/valksor-plugin/src/ValksorPlugin/Tests/Unit/ValksorFlexTest.php" line="265" class="ValksorPlugin\Tests\Unit\ValksorFlexTest" classname="ValksorPlugin.Tests.Unit.ValksorFlexTest" assertions="0" time="0.001000"/>
      </testsuite>
      <testsuite name="ValksorPlugin\Tests\Unit\ValksorRecipesInstallCommandTest" file="/var/www/html/valksor-plugin/src/ValksorPlugin/Tests/Unit/ValksorRecipesInstallCommandTest.php" tests="19" assertions="28" errors="0" failures="0" skipped="0" time="0.001000">
        <testcase name="testCommandNameAndDescription" file="/var/www/html/valksor-plugin/src/ValksorPlugin/Tests/Unit/ValksorRecipesInstallCommandTest.php" line="47" class="ValksorPlugin\Tests\Unit\ValksorRecipesInstallCommandTest" classname="ValksorPlugin.Tests.Unit.ValksorRecipesInstallCommandTest" assertions="3" time="0.001000"/>
        <testcase name="testConfigure" file="/var/www/html/valksor-plugin/src/ValksorPlugin/Tests/Unit/ValksorRecipesInstallCommandTest.php" line="54" class="ValksorPlugin\Tests\Unit\ValksorRecipesInstallCommandTest" classname="ValksorPlugin.Tests.Unit.ValksorRecipesInstallCommandTest" assertions="5" time="0.001000"/>
        <testcase name="testExecuteMethodExists" file="/var/www/html/valksor-plugin/src/ValksorPlugin/Tests/Unit/ValksorRecipesInstallCommandTest.php" line="67" class="ValksorPlugin\Tests\Unit\ValksorRecipesInstallCommandTest" classname="ValksorPlugin.Tests.Unit.ValksorRecipesInstallCommandTest" assertions="2" time="0.001000"/>
        <testcase name="testExecuteMethodSignature" file="/var/www/html/valksor-plugin/src/ValksorPlugin/Tests/Unit/ValksorRecipesInstallCommandTest.php" line="77" class="ValksorPlugin\Tests\Unit\ValksorRecipesInstallCommandTest" classname="ValksorPlugin.Tests.Unit.ValksorRecipesInstallCommandTest" assertions="3" time="0.001000"/>
        <testcase name="testExecuteProcessesAllPackagesWithNoRecipesMessage" file="/var/www/html/valksor-plugin/src/ValksorPlugin/Tests/Unit/ValksorRecipesInstallCommandTest.php" line="89" class="ValksorPlugin\Tests\Unit\ValksorRecipesInstallCommandTest" classname="ValksorPlugin.Tests.Unit.ValksorRecipesInstallCommandTest" assertions="1" time="0.001000"/>
        <testcase name="testExecuteWithNoLockFile" file="/var/www/html/valksor-plugin/src/ValksorPlugin/Tests/Unit/ValksorRecipesInstallCommandTest.php" line="137" class="ValksorPlugin\Tests\Unit\ValksorRecipesInstallCommandTest" classname="ValksorPlugin.Tests.Unit.ValksorRecipesInstallCommandTest" assertions="1" time="0.001000"/>
        <testcase name="testExecuteWithNoPackageArgument" file="/var/www/html/valksor-plugin/src/ValksorPlugin/Tests/Unit/ValksorRecipesInstallCommandTest.php" line="166" class="ValksorPlugin\Tests\Unit\ValksorRecipesInstallCommandTest" classname="ValksorPlugin.Tests.Unit.ValksorRecipesInstallCommandTest" assertions="1" time="0.001000"/>
        <testcase name="testExecuteWithSpecificPackageNoRecipe" file="/var/www/html/valksor-plugin/src/ValksorPlugin/Tests/Unit/ValksorRecipesInstallCommandTest.php" line="213" class="ValksorPlugin\Tests\Unit\ValksorRecipesInstallCommandTest" classname="ValksorPlugin.Tests.Unit.ValksorRecipesInstallCommandTest" assertions="1" time="0.001000"/>
        <testcase name="testExecuteWithSpecificPackageNotFound" file="/var/www/html/valksor-plugin/src/ValksorPlugin/Tests/Unit/ValksorRecipesInstallCommandTest.php" line="252" class="ValksorPlugin\Tests\Unit\ValksorRecipesInstallCommandTest" classname="ValksorPlugin.Tests.Unit.ValksorRecipesInstallCommandTest" assertions="1" time="0.001000"/>
        <testcase name="testExecuteWithSpecificPackageReturnsFailureCode" file="/var/www/html/valksor-plugin/src/ValksorPlugin/Tests/Unit/ValksorRecipesInstallCommandTest.php" line="285" class="ValksorPlugin\Tests\Unit\ValksorRecipesInstallCommandTest" classname="ValksorPlugin.Tests.Unit.ValksorRecipesInstallCommandTest" assertions="1" time="0.001000"/>
        <testcase name="testExecuteWithSpecificPackageSuccess" file="/var/www/html/valksor-plugin/src/ValksorPlugin/Tests/Unit/ValksorRecipesInstallCommandTest.php" line="330" class="ValksorPlugin\Tests\Unit\ValksorRecipesInstallCommandTest" classname="ValksorPlugin.Tests.Unit.ValksorRecipesInstallCommandTest" assertions="1" time="0.001000"/>
        <testcase name="testGetHandler" file="/var/www/html/valksor-plugin/src/ValksorPlugin/Tests/Unit/ValksorRecipesInstallCommandTest.php" line="404" class="ValksorPlugin\Tests\Unit\ValksorRecipesInstallCommandTest" classname="ValksorPlugin.Tests.Unit.ValksorRecipesInstallCommandTest" assertions="1" time="0.001000"/>
        <testcase name="testGetNoRecipeMessage" file="/var/www/html/valksor-plugin/src/ValksorPlugin/Tests/Unit/ValksorRecipesInstallCommandTest.php" line="423" class="ValksorPlugin\Tests\Unit\ValksorRecipesInstallCommandTest" classname="ValksorPlugin.Tests.Unit.ValksorRecipesInstallCommandTest" assertions="1" time="0.001000"/>
        <testcase name="testGetNotFoundMessage" file="/var/www/html/valksor-plugin/src/ValksorPlugin/Tests/Unit/ValksorRecipesInstallCommandTest.php" line="433" class="ValksorPlugin\Tests\Unit\ValksorRecipesInstallCommandTest" classname="ValksorPlugin.Tests.Unit.ValksorRecipesInstallCommandTest" assertions="1" time="0.001000"/>
        <testcase name="testGetSuccessMessage" file="/var/www/html/valksor-plugin/src/ValksorPlugin/Tests/Unit/ValksorRecipesInstallCommandTest.php" line="443" class="ValksorPlugin\Tests\Unit\ValksorRecipesInstallCommandTest" classname="ValksorPlugin.Tests.Unit.ValksorRecipesInstallCommandTest" assertions="1" time="0.001000"/>
        <testcase name="testProcessAllPackages" file="/var/www/html/valksor-plugin/src/ValksorPlugin/Tests/Unit/ValksorRecipesInstallCommandTest.php" line="453" class="ValksorPlugin\Tests\Unit\ValksorRecipesInstallCommandTest" classname="ValksorPlugin.Tests.Unit.ValksorRecipesInstallCommandTest" assertions="1" time="0.001000"/>
        <testcase name="testProcessAllPackagesWithSuccess" file="/var/www/html/valksor-plugin/src/ValksorPlugin/Tests/Unit/ValksorRecipesInstallCommandTest.php" line="498" class="ValksorPlugin\Tests\Unit\ValksorRecipesInstallCommandTest" classname="ValksorPlugin.Tests.Unit.ValksorRecipesInstallCommandTest" assertions="1" time="0.001000"/>
        <testcase name="testValidateLockFileWhenLocked" file="/var/www/html/valksor-plugin/src/ValksorPlugin/Tests/Unit/ValksorRecipesInstallCommandTest.php" line="570" class="ValksorPlugin\Tests\Unit\ValksorRecipesInstallCommandTest" classname="ValksorPlugin.Tests.Unit.ValksorRecipesInstallCommandTest" assertions="1" time="0.001000"/>
        <testcase name="testValidateLockFileWhenNotLocked" file="/var/www/html/valksor-plugin/src/ValksorPlugin/Tests/Unit/ValksorRecipesInstallCommandTest.php" line="587" class="ValksorPlugin\Tests\Unit\ValksorRecipesInstallCommandTest" classname="ValksorPlugin.Tests.Unit.ValksorRecipesInstallCommandTest" assertions="1" time="0.001000"/>
      </testsuite>
      <testsuite name="ValksorPlugin\Tests\Unit\ValksorRecipesUninstallCommandTest" file="/var/www/html/valksor-plugin/src/ValksorPlugin/Tests/Unit/ValksorRecipesUninstallCommandTest.php" tests="13" assertions="23" errors="0" failures="0" skipped="0" time="0.001000">
        <testcase name="testCommandNameAndDescription" file="/var/www/html/valksor-plugin/src/ValksorPlugin/Tests/Unit/ValksorRecipesUninstallCommandTest.php" line="44" class="ValksorPlugin\Tests\Unit\ValksorRecipesUninstallCommandTest" classname="ValksorPlugin.Tests.Unit.ValksorRecipesUninstallCommandTest" assertions="3" time="0.001000"/>
        <testcase name="testConfigure" file="/var/www/html/valksor-plugin/src/ValksorPlugin/Tests/Unit/ValksorRecipesUninstallCommandTest.php" line="51" class="ValksorPlugin\Tests\Unit\ValksorRecipesUninstallCommandTest" classname="ValksorPlugin.Tests.Unit.ValksorRecipesUninstallCommandTest" assertions="5" time="0.001000"/>
        <testcase name="testExecuteMethodExists" file="/var/www/html/valksor-plugin/src/ValksorPlugin/Tests/Unit/ValksorRecipesUninstallCommandTest.php" line="64" class="ValksorPlugin\Tests\Unit\ValksorRecipesUninstallCommandTest" classname="ValksorPlugin.Tests.Unit.ValksorRecipesUninstallCommandTest" assertions="2" time="0.001000"/>
        <testcase name="testExecuteMethodSignature" file="/var/www/html/valksor-plugin/src/ValksorPlugin/Tests/Unit/ValksorRecipesUninstallCommandTest.php" line="74" class="ValksorPlugin\Tests\Unit\ValksorRecipesUninstallCommandTest" classname="ValksorPlugin.Tests.Unit.ValksorRecipesUninstallCommandTest" assertions="3" time="0.001000"/>
        <testcase name="testExecuteWithNoLockFile" file="/var/www/html/valksor-plugin/src/ValksorPlugin/Tests/Unit/ValksorRecipesUninstallCommandTest.php" line="88" class="ValksorPlugin\Tests\Unit\ValksorRecipesUninstallCommandTest" classname="ValksorPlugin.Tests.Unit.ValksorRecipesUninstallCommandTest" assertions="1" time="0.001000"/>
        <testcase name="testExecuteWithPackageNoRecipe" file="/var/www/html/valksor-plugin/src/ValksorPlugin/Tests/Unit/ValksorRecipesUninstallCommandTest.php" line="117" class="ValksorPlugin\Tests\Unit\ValksorRecipesUninstallCommandTest" classname="ValksorPlugin.Tests.Unit.ValksorRecipesUninstallCommandTest" assertions="1" time="0.001000"/>
        <testcase name="testExecuteWithPackageNotFound" file="/var/www/html/valksor-plugin/src/ValksorPlugin/Tests/Unit/ValksorRecipesUninstallCommandTest.php" line="157" class="ValksorPlugin\Tests\Unit\ValksorRecipesUninstallCommandTest" classname="ValksorPlugin.Tests.Unit.ValksorRecipesUninstallCommandTest" assertions="1" time="0.001000"/>
        <testcase name="testExecuteWithPackageSuccess" file="/var/www/html/valksor-plugin/src/ValksorPlugin/Tests/Unit/ValksorRecipesUninstallCommandTest.php" line="193" class="ValksorPlugin\Tests\Unit\ValksorRecipesUninstallCommandTest" classname="ValksorPlugin.Tests.Unit.ValksorRecipesUninstallCommandTest" assertions="1" time="0.001000"/>
        <testcase name="testFindPackageByName" file="/var/www/html/valksor-plugin/src/ValksorPlugin/Tests/Unit/ValksorRecipesUninstallCommandTest.php" line="241" class="ValksorPlugin\Tests\Unit\ValksorRecipesUninstallCommandTest" classname="ValksorPlugin.Tests.Unit.ValksorRecipesUninstallCommandTest" assertions="2" time="0.001000"/>
        <testcase name="testGetNoRecipeMessage" file="/var/www/html/valksor-plugin/src/ValksorPlugin/Tests/Unit/ValksorRecipesUninstallCommandTest.php" line="276" class="ValksorPlugin\Tests\Unit\ValksorRecipesUninstallCommandTest" classname="ValksorPlugin.Tests.Unit.ValksorRecipesUninstallCommandTest" assertions="1" time="0.001000"/>
        <testcase name="testGetNotFoundMessage" file="/var/www/html/valksor-plugin/src/ValksorPlugin/Tests/Unit/ValksorRecipesUninstallCommandTest.php" line="286" class="ValksorPlugin\Tests\Unit\ValksorRecipesUninstallCommandTest" classname="ValksorPlugin.Tests.Unit.ValksorRecipesUninstallCommandTest" assertions="1" time="0.001000"/>
        <testcase name="testGetSuccessMessage" file="/var/www/html/valksor-plugin/src/ValksorPlugin/Tests/Unit/ValksorRecipesUninstallCommandTest.php" line="296" class="ValksorPlugin\Tests\Unit\ValksorRecipesUninstallCommandTest" classname="ValksorPlugin.Tests.Unit.ValksorRecipesUninstallCommandTest" assertions="1" time="0.001000"/>
        <testcase name="testPackageArgumentExample" file="/var/www/html/valksor-plugin/src/ValksorPlugin/Tests/Unit/ValksorRecipesUninstallCommandTest.php" line="301" class="ValksorPlugin\Tests\Unit\ValksorRecipesUninstallCommandTest" classname="ValksorPlugin.Tests.Unit.ValksorRecipesUninstallCommandTest" assertions="1" time="0.001000"/>
      </testsuite>
    </testsuite>
  </testsuite>
</testsuites>
